=========== 21.05.2024 22:57 =========== 
=========== 21.05.2024 22:57 =========== 
=========== 21.05.2024 23:34 =========== 
=========== 21.05.2024 23:34 =========== 
=========== 21.05.2024 23:35 =========== 
=========== 21.05.2024 23:37 =========== 
=========== 21.05.2024 23:46 =========== 
=========== 22.05.2024 00:44 =========== 
=========== 22.05.2024 00:45 =========== 
=========== 22.05.2024 00:46 =========== 
=========== 22.05.2024 00:46 =========== 
=========== 22.05.2024 00:47 =========== 
=========== 22.05.2024 00:49 =========== 
=========== 22.05.2024 00:54 =========== 
=========== 22.05.2024 00:54 =========== 
=========== 22.05.2024 01:07 =========== 
=========== 22.05.2024 01:09 =========== 
=========== 22.05.2024 01:09 =========== 
=========== 22.05.2024 01:10 =========== 
=========== 22.05.2024 01:12 =========== 
=========== 22.05.2024 01:12 =========== 
=========== 22.05.2024 01:13 =========== 
=========== 22.05.2024 01:16 =========== 
=========== 22.05.2024 01:17 =========== 
=========== 22.05.2024 01:21 =========== 
=========== 22.05.2024 01:22 =========== 
=========== 22.05.2024 01:31 =========== 
=========== 22.05.2024 01:31 =========== 
=========== 22.05.2024 01:32 =========== 
=========== 22.05.2024 01:43 =========== 
=========== 22.05.2024 01:43 =========== 
=========== 22.05.2024 01:46 =========== 
=========== 22.05.2024 01:49 =========== 
=========== 22.05.2024 23:16 =========== 
=========== 22.05.2024 23:32 =========== 
=========== 22.05.2024 23:34 =========== 
=========== 22.05.2024 23:36 =========== 
=========== 22.05.2024 23:38 =========== 
=========== 22.05.2024 23:39 =========== 
=========== 22.05.2024 23:44 =========== 
=========== 22.05.2024 23:44 =========== 
=========== 22.05.2024 23:45 =========== 
=========== 22.05.2024 23:47 =========== 
=========== 22.05.2024 23:50 =========== 
=========== 22.05.2024 23:50 =========== 
=========== 22.05.2024 23:51 =========== 
=========== 22.05.2024 23:52 =========== 
=========== 22.05.2024 23:53 =========== 
=========== 22.05.2024 23:53 =========== 
=========== 22.05.2024 23:54 =========== 
=========== 22.05.2024 23:54 =========== 
=========== 22.05.2024 23:54 =========== 
=========== 22.05.2024 23:58 =========== 
=========== 23.05.2024 23:01 =========== 
=========== 23.05.2024 23:03 =========== 
=========== 23.05.2024 23:12 =========== 
=========== 23.05.2024 23:17 =========== 
=========== 23.05.2024 23:25 =========== 
=========== 24.05.2024 00:13 =========== 
=========== 24.05.2024 00:14 =========== 
=========== 24.05.2024 00:15 =========== 
date: 24.05.2024 00:15 Arena: ARENA_LED_2 data successfully insert 
date: 24.05.2024 00:15 Arena: STACHEK_ICEBERG data successfully insert 
date: 24.05.2024 00:15 Arena: TR data successfully insert 
date: 24.05.2024 00:15 Arena: ICE_PALACE data successfully insert 
date: 24.05.2024 00:15 Arena: JUBI_BASE data successfully insert 
date: 24.05.2024 00:15 Arena: GRAND_KANON data successfully insert 
date: 24.05.2024 00:15 Arena: TAVR data successfully insert 
=========== 24.05.2024 00:16 =========== 
=========== 24.05.2024 00:16 =========== 
date: 24.05.2024 00:16 Arena: ARENA_LED_2 data successfully insert 
=========== 24.05.2024 00:16 =========== 
=========== 24.05.2024 00:17 =========== 
=========== 24.05.2024 00:18 =========== 
=========== 24.05.2024 00:19 =========== 
=========== 24.05.2024 00:21 =========== 
=========== 24.05.2024 00:22 =========== 
=========== 24.05.2024 00:22 =========== 
=========== 24.05.2024 00:23 =========== 
=========== 24.05.2024 00:33 =========== 
=========== 24.05.2024 00:34 =========== 
=========== 24.05.2024 00:34 =========== 
=========== 24.05.2024 00:35 =========== 
=========== 24.05.2024 00:35 =========== 
=========== 24.05.2024 00:36 =========== 
=========== 24.05.2024 00:39 =========== 
=========== 24.05.2024 00:41 =========== 
=========== 24.05.2024 00:44 =========== 
=========== 24.05.2024 00:44 =========== 
=========== 24.05.2024 00:48 =========== 
date: 24.05.2024 00:48 Arena: ARENA_LED_2 data successfully insert 
date: 24.05.2024 00:48 Arena: STACHEK_ICEBERG data successfully insert 
date: 24.05.2024 00:48 Arena: TR data successfully insert 
date: 24.05.2024 00:48 Arena: ICE_PALACE data successfully insert 
date: 24.05.2024 00:48 Arena: JUBI_BASE data successfully insert 
date: 24.05.2024 00:48 Arena: GRAND_KANON data successfully insert 
date: 24.05.2024 00:48 Arena: TAVR data successfully insert 
=========== 24.05.2024 00:50 =========== 
=========== 24.05.2024 00:51 =========== 
=========== 24.05.2024 00:52 =========== 
=========== 24.05.2024 00:53 =========== 
=========== 24.05.2024 00:54 =========== 
=========== 24.05.2024 23:29 =========== 
=========== 24.05.2024 23:48 =========== 
=========== 24.05.2024 23:50 =========== 
=========== 24.05.2024 23:50 =========== 
=========== 25.05.2024 00:17 =========== 
date: 25.05.2024 00:17 Arena: ARENA_LED_2 data successfully insert 
date: 25.05.2024 00:17 Arena: STACHEK_ICEBERG data successfully insert 
=========== 25.05.2024 00:20 =========== 
=========== 25.05.2024 00:20 =========== 
=========== 25.05.2024 00:24 =========== 
=========== 25.05.2024 00:25 =========== 
=========== 25.05.2024 07:42 =========== 
=========== 25.05.2024 07:42 =========== 
=========== 25.05.2024 07:55 =========== 
=========== 25.05.2024 07:57 =========== 
=========== 25.05.2024 08:05 =========== 
=========== 25.05.2024 08:06 =========== 
=========== 25.05.2024 08:06 =========== 
=========== 25.05.2024 08:07 =========== 
=========== 25.05.2024 08:09 =========== 
=========== 25.05.2024 08:09 =========== 
=========== 25.05.2024 08:10 =========== 
=========== 25.05.2024 08:11 =========== 
date: 25.05.2024 08:11 Arena: TR data successfully insert 
=========== 25.05.2024 08:13 =========== 
date: 25.05.2024 08:13 Arena: ARENA_LED_2 data successfully insert 
date: 25.05.2024 08:13 Arena: STACHEK_ICEBERG data successfully insert 
date: 25.05.2024 08:13 Arena: TR data successfully insert 
date: 25.05.2024 08:13 Arena: ICE_PALACE data successfully insert 
date: 25.05.2024 08:13 Arena: JUBI_BASE data successfully insert 
date: 25.05.2024 08:13 Arena: GRAND_KANON data successfully insert 
date: 25.05.2024 08:13 Arena: TAVR data successfully insert 
=========== 25.05.2024 14:06 =========== 
=========== 25.05.2024 14:10 =========== 
=========== 25.05.2024 14:12 =========== 
=========== 25.05.2024 14:13 =========== 
=========== 25.05.2024 14:17 =========== 
=========== 25.05.2024 14:17 =========== 
=========== 25.05.2024 14:19 =========== 
=========== 25.05.2024 14:20 =========== 
=========== 25.05.2024 14:21 =========== 
=========== 25.05.2024 14:22 =========== 
=========== 25.05.2024 14:24 =========== 
=========== 25.05.2024 14:29 =========== 
=========== 25.05.2024 14:29 =========== 
=========== 25.05.2024 14:36 =========== 
date: 25.05.2024 14:37 Arena: ARENA_LED_2 data successfully insert 
date: 25.05.2024 14:37 Arena: ARENA_LED_2 data successfully insert 
date: 25.05.2024 14:37 Arena: ARENA_LED_2 data successfully insert 
=========== 25.05.2024 14:41 =========== 
=========== 25.05.2024 14:41 =========== 
date: 25.05.2024 14:41 Arena: ARENA_LED_2 data successfully insert 
date: 25.05.2024 14:41 Arena: ARENA_LED_3 data successfully insert 
date: 25.05.2024 14:41 Arena: ARENA_LED_4 data successfully insert 
=========== 25.05.2024 15:13 =========== 
=========== 25.05.2024 15:13 =========== 
=========== 25.05.2024 15:19 =========== 
date: 25.05.2024 15:19 Arena: STACHEK_ICEBERG data successfully insert 
date: 25.05.2024 15:19 Arena: ARENA_LED_2 data successfully insert 
date: 25.05.2024 15:19 Arena: ARENA_LED_3 data successfully insert 
date: 25.05.2024 15:19 Arena: ARENA_LED_4 data successfully insert 
=========== 25.05.2024 15:48 =========== 
date: 25.05.2024 15:48 Arena: TR data successfully insert 
date: 25.05.2024 15:48 Arena: STACHEK_ICEBERG data successfully insert 
date: 25.05.2024 15:48 Arena: ARENA_LED_2 data successfully insert 
date: 25.05.2024 15:48 Arena: ARENA_LED_3 data successfully insert 
date: 25.05.2024 15:48 Arena: ARENA_LED_4 data successfully insert 
=========== 25.05.2024 16:08 =========== 
=========== 25.05.2024 16:10 =========== 
=========== 25.05.2024 16:10 =========== 
date: 25.05.2024 16:10 Arena: TR data successfully insert 
date: 25.05.2024 16:10 Arena: STACHEK_ICEBERG data successfully insert 
date: 25.05.2024 16:10 Arena: ARENA_LED_2 data successfully insert 
date: 25.05.2024 16:10 Arena: ARENA_LED_3 data successfully insert 
date: 25.05.2024 16:10 Arena: ARENA_LED_4 data successfully insert 
date: 25.05.2024 16:10 Arena: ICE_PALACE data successfully insert 
=========== 25.05.2024 16:12 =========== 
date: 25.05.2024 16:12 Arena: TR data successfully insert 
date: 25.05.2024 16:12 Arena: STACHEK_ICEBERG data successfully insert 
date: 25.05.2024 16:12 Arena: ARENA_LED_2 data successfully insert 
date: 25.05.2024 16:12 Arena: ARENA_LED_3 data successfully insert 
date: 25.05.2024 16:12 Arena: ARENA_LED_4 data successfully insert 
date: 25.05.2024 16:12 Arena: ICE_PALACE data successfully insert 
date: 25.05.2024 16:12 Arena: JUBI_BASE data successfully insert 
date: 25.05.2024 16:12 Arena: GRAND_KANON data successfully insert 
date: 25.05.2024 16:12 Arena: TAVR data successfully insert 
=========== 30.05.2024 22:20 =========== 
date: 30.05.2024 22:20 Arena: TR data successfully insert 
date: 30.05.2024 22:20 Arena: STACHEK_ICEBERG data successfully insert 
=========== 30.05.2024 22:24 =========== 
=========== 30.05.2024 22:25 =========== 
=========== 30.05.2024 22:27 =========== 
=========== 30.05.2024 22:31 =========== 
=========== 30.05.2024 22:31 =========== 
=========== 30.05.2024 22:34 =========== 
=========== 30.05.2024 22:35 =========== 
=========== 30.05.2024 22:35 =========== 
=========== 30.05.2024 22:37 =========== 
=========== 30.05.2024 22:37 =========== 
=========== 30.05.2024 22:37 =========== 
=========== 30.05.2024 22:40 =========== 
=========== 30.05.2024 22:41 =========== 
=========== 30.05.2024 22:46 =========== 
=========== 30.05.2024 22:52 =========== 
=========== 30.05.2024 22:54 =========== 
=========== 30.05.2024 22:55 =========== 
=========== 30.05.2024 22:57 =========== 
=========== 30.05.2024 23:23 =========== 
=========== 30.05.2024 23:26 =========== 
=========== 30.05.2024 23:33 =========== 
=========== 30.05.2024 23:35 =========== 
=========== 30.05.2024 23:37 =========== 
=========== 01.06.2024 07:49 =========== 
date: 01.06.2024 07:49 Arena: TAVR data successfully insert 
=========== 01.06.2024 07:49 =========== 
date: 01.06.2024 07:49 Arena: TAVR data successfully insert 
=========== 01.06.2024 07:49 =========== 
=========== 01.06.2024 07:52 =========== 
=========== 01.06.2024 07:56 =========== 
=========== 01.06.2024 07:58 =========== 
=========== 01.06.2024 08:02 =========== 
=========== 01.06.2024 08:03 =========== 
=========== 01.06.2024 08:03 =========== 
=========== 01.06.2024 08:08 =========== 
=========== 01.06.2024 08:09 =========== 
=========== 01.06.2024 08:14 =========== 
=========== 01.06.2024 08:15 =========== 
=========== 01.06.2024 08:17 =========== 
=========== 01.06.2024 08:34 =========== 
=========== 01.06.2024 08:35 =========== 
=========== 01.06.2024 08:36 =========== 
=========== 01.06.2024 08:36 =========== 
=========== 01.06.2024 08:40 =========== 
=========== 01.06.2024 08:41 =========== 
=========== 01.06.2024 08:46 =========== 
=========== 01.06.2024 08:46 =========== 
=========== 01.06.2024 08:47 =========== 
=========== 01.06.2024 08:48 =========== 
=========== 01.06.2024 08:50 =========== 
=========== 01.06.2024 08:53 =========== 
=========== 01.06.2024 08:53 =========== 
=========== 01.06.2024 08:57 =========== 
=========== 01.06.2024 08:57 =========== 
=========== 01.06.2024 08:58 =========== 
=========== 01.06.2024 08:59 =========== 
=========== 01.06.2024 09:01 =========== 
=========== 01.06.2024 09:01 =========== 
=========== 01.06.2024 09:05 =========== 
=========== 01.06.2024 09:07 =========== 
=========== 01.06.2024 09:13 =========== 
=========== 01.06.2024 09:13 =========== 
=========== 01.06.2024 09:14 =========== 
=========== 01.06.2024 09:15 =========== 
=========== 01.06.2024 09:34 =========== 
=========== 01.06.2024 09:47 =========== 
=========== 01.06.2024 09:47 =========== 
=========== 01.06.2024 09:47 =========== 
=========== 01.06.2024 09:48 =========== 
=========== 01.06.2024 09:54 =========== 
=========== 01.06.2024 09:55 =========== 
=========== 01.06.2024 09:55 =========== 
=========== 01.06.2024 09:58 =========== 
=========== 01.06.2024 09:58 =========== 
=========== 01.06.2024 10:00 =========== 
=========== 01.06.2024 10:03 =========== 
=========== 01.06.2024 10:04 =========== 
=========== 01.06.2024 10:10 =========== 
